1736100692.668051 client started (44638): version 3.5a, socket /private/tmp/tmux-501/default, protocol 8
1736100692.668159 on Darwin 24.2.0 Darwin Kernel Version 24.2.0: Fri Dec  6 19:04:03 PST 2024; root:xnu-11215.61.5~2/RELEASE_ARM64_T8132
1736100692.668179 using libevent 2.1.12-stable select
1736100692.668225 using utf8proc 2.10.0
1736100692.668235 using ncurses 6.5 20240427
1736100692.668260 flags are 0x10010000
1736100692.668269 socket is /private/tmp/tmux-501/default
1736100692.668288 trying connect
1736100692.668365 add peer 0x130048000: 6 (0x0)
1736100692.672335 sending message 111 to peer 0x130048000 (8 bytes)
1736100692.672485 sending message 111 to peer 0x130048000 (8 bytes)
1736100692.672494 sending message 101 to peer 0x130048000 (15 bytes)
1736100692.672501 sending message 109 to peer 0x130048000 (4 bytes)
1736100692.672508 sending message 102 to peer 0x130048000 (13 bytes)
1736100692.672514 sending message 108 to peer 0x130048000 (35 bytes)
1736100692.672520 sending message 112 to peer 0x130048000 (58 bytes)
1736100692.672527 sending message 112 to peer 0x130048000 (5 bytes)
1736100692.672533 sending message 112 to peer 0x130048000 (5 bytes)
1736100692.672540 sending message 112 to peer 0x130048000 (6 bytes)
1736100692.672546 sending message 112 to peer 0x130048000 (6 bytes)
1736100692.672553 sending message 112 to peer 0x130048000 (11 bytes)
1736100692.672559 sending message 112 to peer 0x130048000 (10 bytes)
1736100692.672565 sending message 112 to peer 0x130048000 (13 bytes)
1736100692.672572 sending message 112 to peer 0x130048000 (14 bytes)
1736100692.672578 sending message 112 to peer 0x130048000 (19 bytes)
1736100692.672584 sending message 112 to peer 0x130048000 (11 bytes)
1736100692.672604 sending message 112 to peer 0x130048000 (10 bytes)
1736100692.672610 sending message 112 to peer 0x130048000 (15 bytes)
1736100692.672616 sending message 112 to peer 0x130048000 (21 bytes)
1736100692.672622 sending message 112 to peer 0x130048000 (13 bytes)
1736100692.672629 sending message 112 to peer 0x130048000 (7 bytes)
1736100692.672635 sending message 112 to peer 0x130048000 (13 bytes)
1736100692.672643 sending message 112 to peer 0x130048000 (7 bytes)
1736100692.672650 sending message 112 to peer 0x130048000 (13 bytes)
1736100692.672656 sending message 112 to peer 0x130048000 (9 bytes)
1736100692.672663 sending message 112 to peer 0x130048000 (21 bytes)
1736100692.672669 sending message 112 to peer 0x130048000 (13 bytes)
1736100692.672675 sending message 112 to peer 0x130048000 (9 bytes)
1736100692.672681 sending message 112 to peer 0x130048000 (16 bytes)
1736100692.672688 sending message 112 to peer 0x130048000 (13 bytes)
1736100692.672694 sending message 112 to peer 0x130048000 (9 bytes)
1736100692.672700 sending message 112 to peer 0x130048000 (9 bytes)
1736100692.672707 sending message 112 to peer 0x130048000 (12 bytes)
1736100692.672713 sending message 112 to peer 0x130048000 (8 bytes)
1736100692.672719 sending message 112 to peer 0x130048000 (8 bytes)
1736100692.672725 sending message 112 to peer 0x130048000 (13 bytes)
1736100692.672731 sending message 112 to peer 0x130048000 (7 bytes)
1736100692.672738 sending message 112 to peer 0x130048000 (7 bytes)
1736100692.672744 sending message 112 to peer 0x130048000 (9 bytes)
1736100692.672750 sending message 112 to peer 0x130048000 (9 bytes)
1736100692.672756 sending message 112 to peer 0x130048000 (15 bytes)
1736100692.672763 sending message 112 to peer 0x130048000 (13 bytes)
1736100692.672769 sending message 112 to peer 0x130048000 (12 bytes)
1736100692.672775 sending message 112 to peer 0x130048000 (8 bytes)
1736100692.672781 sending message 112 to peer 0x130048000 (14 bytes)
1736100692.672787 sending message 112 to peer 0x130048000 (11 bytes)
1736100692.672794 sending message 112 to peer 0x130048000 (9 bytes)
1736100692.672800 sending message 112 to peer 0x130048000 (10 bytes)
1736100692.672806 sending message 112 to peer 0x130048000 (10 bytes)
1736100692.672812 sending message 112 to peer 0x130048000 (10 bytes)
1736100692.672818 sending message 112 to peer 0x130048000 (10 bytes)
1736100692.672850 sending message 112 to peer 0x130048000 (11 bytes)
1736100692.672855 sending message 112 to peer 0x130048000 (12 bytes)
1736100692.672860 sending message 112 to peer 0x130048000 (12 bytes)
1736100692.672864 sending message 112 to peer 0x130048000 (12 bytes)
1736100692.672869 sending message 112 to peer 0x130048000 (12 bytes)
1736100692.672873 sending message 112 to peer 0x130048000 (12 bytes)
1736100692.672878 sending message 112 to peer 0x130048000 (11 bytes)
1736100692.672882 sending message 112 to peer 0x130048000 (11 bytes)
1736100692.672887 sending message 112 to peer 0x130048000 (12 bytes)
1736100692.672891 sending message 112 to peer 0x130048000 (12 bytes)
1736100692.672896 sending message 112 to peer 0x130048000 (12 bytes)
1736100692.672900 sending message 112 to peer 0x130048000 (12 bytes)
1736100692.672905 sending message 112 to peer 0x130048000 (12 bytes)
1736100692.672909 sending message 112 to peer 0x130048000 (9 bytes)
1736100692.672914 sending message 112 to peer 0x130048000 (12 bytes)
1736100692.672918 sending message 112 to peer 0x130048000 (13 bytes)
1736100692.672923 sending message 112 to peer 0x130048000 (13 bytes)
1736100692.672927 sending message 112 to peer 0x130048000 (13 bytes)
1736100692.672932 sending message 112 to peer 0x130048000 (13 bytes)
1736100692.672936 sending message 112 to peer 0x130048000 (13 bytes)
1736100692.672941 sending message 112 to peer 0x130048000 (8 bytes)
1736100692.672945 sending message 112 to peer 0x130048000 (11 bytes)
1736100692.672950 sending message 112 to peer 0x130048000 (11 bytes)
1736100692.672954 sending message 112 to peer 0x130048000 (11 bytes)
1736100692.672959 sending message 112 to peer 0x130048000 (12 bytes)
1736100692.672977 sending message 112 to peer 0x130048000 (12 bytes)
1736100692.672982 sending message 112 to peer 0x130048000 (12 bytes)
1736100692.672987 sending message 112 to peer 0x130048000 (12 bytes)
1736100692.672991 sending message 112 to peer 0x130048000 (13 bytes)
1736100692.672996 sending message 112 to peer 0x130048000 (13 bytes)
1736100692.673001 sending message 112 to peer 0x130048000 (13 bytes)
1736100692.673007 sending message 112 to peer 0x130048000 (8 bytes)
1736100692.673012 sending message 112 to peer 0x130048000 (13 bytes)
1736100692.673017 sending message 112 to peer 0x130048000 (13 bytes)
1736100692.673021 sending message 112 to peer 0x130048000 (13 bytes)
1736100692.673026 sending message 112 to peer 0x130048000 (13 bytes)
1736100692.673030 sending message 112 to peer 0x130048000 (13 bytes)
1736100692.673035 sending message 112 to peer 0x130048000 (12 bytes)
1736100692.673039 sending message 112 to peer 0x130048000 (12 bytes)
1736100692.673044 sending message 112 to peer 0x130048000 (12 bytes)
1736100692.673048 sending message 112 to peer 0x130048000 (12 bytes)
1736100692.673052 sending message 112 to peer 0x130048000 (13 bytes)
1736100692.673057 sending message 112 to peer 0x130048000 (8 bytes)
1736100692.673061 sending message 112 to peer 0x130048000 (13 bytes)
1736100692.673066 sending message 112 to peer 0x130048000 (13 bytes)
1736100692.673070 sending message 112 to peer 0x130048000 (13 bytes)
1736100692.673075 sending message 112 to peer 0x130048000 (13 bytes)
1736100692.673079 sending message 112 to peer 0x130048000 (13 bytes)
1736100692.673084 sending message 112 to peer 0x130048000 (13 bytes)
1736100692.673088 sending message 112 to peer 0x130048000 (13 bytes)
1736100692.673093 sending message 112 to peer 0x130048000 (12 bytes)
1736100692.673097 sending message 112 to peer 0x130048000 (12 bytes)
1736100692.673101 sending message 112 to peer 0x130048000 (12 bytes)
1736100692.673105 sending message 112 to peer 0x130048000 (8 bytes)
1736100692.673109 sending message 112 to peer 0x130048000 (12 bytes)
1736100692.673113 sending message 112 to peer 0x130048000 (13 bytes)
1736100692.673117 sending message 112 to peer 0x130048000 (13 bytes)
1736100692.673120 sending message 112 to peer 0x130048000 (13 bytes)
1736100692.673124 sending message 112 to peer 0x130048000 (13 bytes)
1736100692.673128 sending message 112 to peer 0x130048000 (13 bytes)
1736100692.673140 sending message 112 to peer 0x130048000 (13 bytes)
1736100692.673144 sending message 112 to peer 0x130048000 (13 bytes)
1736100692.673147 sending message 112 to peer 0x130048000 (13 bytes)
1736100692.673151 sending message 112 to peer 0x130048000 (12 bytes)
1736100692.673155 sending message 112 to peer 0x130048000 (10 bytes)
1736100692.673159 sending message 112 to peer 0x130048000 (12 bytes)
1736100692.673163 sending message 112 to peer 0x130048000 (12 bytes)
1736100692.673167 sending message 112 to peer 0x130048000 (12 bytes)
1736100692.673170 sending message 112 to peer 0x130048000 (13 bytes)
1736100692.673174 sending message 112 to peer 0x130048000 (13 bytes)
1736100692.673178 sending message 112 to peer 0x130048000 (13 bytes)
1736100692.673182 sending message 112 to peer 0x130048000 (13 bytes)
1736100692.673186 sending message 112 to peer 0x130048000 (13 bytes)
1736100692.673190 sending message 112 to peer 0x130048000 (13 bytes)
1736100692.673193 sending message 112 to peer 0x130048000 (13 bytes)
1736100692.673198 sending message 112 to peer 0x130048000 (10 bytes)
1736100692.673201 sending message 112 to peer 0x130048000 (13 bytes)
1736100692.673205 sending message 112 to peer 0x130048000 (12 bytes)
1736100692.673209 sending message 112 to peer 0x130048000 (12 bytes)
1736100692.673213 sending message 112 to peer 0x130048000 (12 bytes)
1736100692.673217 sending message 112 to peer 0x130048000 (10 bytes)
1736100692.673221 sending message 112 to peer 0x130048000 (10 bytes)
1736100692.673225 sending message 112 to peer 0x130048000 (10 bytes)
1736100692.673228 sending message 112 to peer 0x130048000 (12 bytes)
1736100692.673232 sending message 112 to peer 0x130048000 (13 bytes)
1736100692.673236 sending message 112 to peer 0x130048000 (13 bytes)
1736100692.673240 sending message 112 to peer 0x130048000 (13 bytes)
1736100692.673244 sending message 112 to peer 0x130048000 (13 bytes)
1736100692.673248 sending message 112 to peer 0x130048000 (13 bytes)
1736100692.673252 sending message 112 to peer 0x130048000 (10 bytes)
1736100692.673256 sending message 112 to peer 0x130048000 (11 bytes)
1736100692.673260 sending message 112 to peer 0x130048000 (12 bytes)
1736100692.673263 sending message 112 to peer 0x130048000 (12 bytes)
1736100692.673267 sending message 112 to peer 0x130048000 (12 bytes)
1736100692.673271 sending message 112 to peer 0x130048000 (12 bytes)
1736100692.673275 sending message 112 to peer 0x130048000 (12 bytes)
1736100692.673279 sending message 112 to peer 0x130048000 (11 bytes)
1736100692.673283 sending message 112 to peer 0x130048000 (12 bytes)
1736100692.673286 sending message 112 to peer 0x130048000 (12 bytes)
1736100692.673290 sending message 112 to peer 0x130048000 (13 bytes)
1736100692.673294 sending message 112 to peer 0x130048000 (13 bytes)
1736100692.673298 sending message 112 to peer 0x130048000 (13 bytes)
1736100692.673302 sending message 112 to peer 0x130048000 (13 bytes)
1736100692.673306 sending message 112 to peer 0x130048000 (13 bytes)
1736100692.673309 sending message 112 to peer 0x130048000 (10 bytes)
1736100692.673313 sending message 112 to peer 0x130048000 (9 bytes)
1736100692.673317 sending message 112 to peer 0x130048000 (12 bytes)
1736100692.673321 sending message 112 to peer 0x130048000 (13 bytes)
1736100692.673325 sending message 112 to peer 0x130048000 (13 bytes)
1736100692.673329 sending message 112 to peer 0x130048000 (13 bytes)
1736100692.673332 sending message 112 to peer 0x130048000 (13 bytes)
1736100692.673336 sending message 112 to peer 0x130048000 (13 bytes)
1736100692.673340 sending message 112 to peer 0x130048000 (9 bytes)
1736100692.673344 sending message 112 to peer 0x130048000 (12 bytes)
1736100692.673348 sending message 112 to peer 0x130048000 (13 bytes)
1736100692.673352 sending message 112 to peer 0x130048000 (13 bytes)
1736100692.673356 sending message 112 to peer 0x130048000 (13 bytes)
1736100692.673359 sending message 112 to peer 0x130048000 (13 bytes)
1736100692.673363 sending message 112 to peer 0x130048000 (13 bytes)
1736100692.673372 sending message 112 to peer 0x130048000 (11 bytes)
1736100692.673376 sending message 112 to peer 0x130048000 (12 bytes)
1736100692.673380 sending message 112 to peer 0x130048000 (13 bytes)
1736100692.673383 sending message 112 to peer 0x130048000 (13 bytes)
1736100692.673387 sending message 112 to peer 0x130048000 (13 bytes)
1736100692.673391 sending message 112 to peer 0x130048000 (13 bytes)
1736100692.673395 sending message 112 to peer 0x130048000 (13 bytes)
1736100692.673399 sending message 112 to peer 0x130048000 (11 bytes)
1736100692.673403 sending message 112 to peer 0x130048000 (12 bytes)
1736100692.673406 sending message 112 to peer 0x130048000 (12 bytes)
1736100692.673410 sending message 112 to peer 0x130048000 (12 bytes)
1736100692.673414 sending message 112 to peer 0x130048000 (12 bytes)
1736100692.673418 sending message 112 to peer 0x130048000 (12 bytes)
1736100692.673422 sending message 112 to peer 0x130048000 (21 bytes)
1736100692.673426 sending message 112 to peer 0x130048000 (12 bytes)
1736100692.673429 sending message 112 to peer 0x130048000 (9 bytes)
1736100692.673433 sending message 112 to peer 0x130048000 (6 bytes)
1736100692.673437 sending message 112 to peer 0x130048000 (13 bytes)
1736100692.673441 sending message 112 to peer 0x130048000 (10 bytes)
1736100692.673445 sending message 112 to peer 0x130048000 (24 bytes)
1736100692.673459 sending message 112 to peer 0x130048000 (13 bytes)
1736100692.673463 sending message 112 to peer 0x130048000 (9 bytes)
1736100692.673467 sending message 112 to peer 0x130048000 (70 bytes)
1736100692.673471 sending message 112 to peer 0x130048000 (69 bytes)
1736100692.673475 sending message 112 to peer 0x130048000 (12 bytes)
1736100692.673480 sending message 112 to peer 0x130048000 (10 bytes)
1736100692.673484 sending message 112 to peer 0x130048000 (10 bytes)
1736100692.673489 sending message 112 to peer 0x130048000 (24 bytes)
1736100692.673494 sending message 112 to peer 0x130048000 (13 bytes)
1736100692.673498 sending message 112 to peer 0x130048000 (10 bytes)
1736100692.673503 sending message 112 to peer 0x130048000 (10 bytes)
1736100692.673508 sending message 112 to peer 0x130048000 (10 bytes)
1736100692.673513 sending message 112 to peer 0x130048000 (13 bytes)
1736100692.673517 sending message 112 to peer 0x130048000 (15 bytes)
1736100692.673521 sending message 112 to peer 0x130048000 (5 bytes)
1736100692.673527 sending message 104 to peer 0x130048000 (0 bytes)
1736100692.673532 sending message 110 to peer 0x130048000 (0 bytes)
1736100692.673536 sending message 107 to peer 0x130048000 (4 bytes)
1736100692.673539 sending message 105 to peer 0x130048000 (27 bytes)
1736100692.673544 sending message 105 to peer 0x130048000 (20 bytes)
1736100692.673547 sending message 105 to peer 0x130048000 (22 bytes)
1736100692.673552 sending message 105 to peer 0x130048000 (27 bytes)
1736100692.673555 sending message 105 to peer 0x130048000 (23 bytes)
1736100692.673560 sending message 105 to peer 0x130048000 (17 bytes)
1736100692.673563 sending message 105 to peer 0x130048000 (27 bytes)
1736100692.673567 sending message 105 to peer 0x130048000 (22 bytes)
1736100692.673571 sending message 105 to peer 0x130048000 (109 bytes)
1736100692.673575 sending message 105 to peer 0x130048000 (16 bytes)
1736100692.673579 sending message 105 to peer 0x130048000 (237 bytes)
1736100692.673583 sending message 105 to peer 0x130048000 (27 bytes)
1736100692.673587 sending message 105 to peer 0x130048000 (37 bytes)
1736100692.673591 sending message 105 to peer 0x130048000 (30 bytes)
1736100692.673595 sending message 105 to peer 0x130048000 (34 bytes)
1736100692.673599 sending message 105 to peer 0x130048000 (60 bytes)
1736100692.673603 sending message 105 to peer 0x130048000 (17 bytes)
1736100692.673607 sending message 105 to peer 0x130048000 (8 bytes)
1736100692.673611 sending message 105 to peer 0x130048000 (23 bytes)
1736100692.673614 sending message 105 to peer 0x130048000 (32 bytes)
1736100692.673618 sending message 105 to peer 0x130048000 (96 bytes)
1736100692.673633 sending message 105 to peer 0x130048000 (54 bytes)
1736100692.673637 sending message 105 to peer 0x130048000 (29 bytes)
1736100692.673641 sending message 105 to peer 0x130048000 (17 bytes)
1736100692.673645 sending message 105 to peer 0x130048000 (11 bytes)
1736100692.673649 sending message 105 to peer 0x130048000 (469 bytes)
1736100692.673653 sending message 105 to peer 0x130048000 (39 bytes)
1736100692.673657 sending message 105 to peer 0x130048000 (25 bytes)
1736100692.673661 sending message 105 to peer 0x130048000 (102 bytes)
1736100692.673665 sending message 105 to peer 0x130048000 (24 bytes)
1736100692.673669 sending message 105 to peer 0x130048000 (15 bytes)
1736100692.673673 sending message 105 to peer 0x130048000 (8 bytes)
1736100692.673677 sending message 105 to peer 0x130048000 (66 bytes)
1736100692.673680 sending message 105 to peer 0x130048000 (69 bytes)
1736100692.673690 sending message 105 to peer 0x130048000 (38 bytes)
1736100692.673695 sending message 105 to peer 0x130048000 (19 bytes)
1736100692.673699 sending message 105 to peer 0x130048000 (20 bytes)
1736100692.673703 sending message 105 to peer 0x130048000 (18 bytes)
1736100692.673707 sending message 105 to peer 0x130048000 (26 bytes)
1736100692.673711 sending message 105 to peer 0x130048000 (57 bytes)
1736100692.673715 sending message 105 to peer 0x130048000 (43 bytes)
1736100692.673719 sending message 105 to peer 0x130048000 (13 bytes)
1736100692.673723 sending message 105 to peer 0x130048000 (69 bytes)
1736100692.673727 sending message 105 to peer 0x130048000 (20 bytes)
1736100692.673730 sending message 105 to peer 0x130048000 (57 bytes)
1736100692.673734 sending message 105 to peer 0x130048000 (70 bytes)
1736100692.673738 sending message 105 to peer 0x130048000 (72 bytes)
1736100692.673742 sending message 105 to peer 0x130048000 (64 bytes)
1736100692.673746 sending message 105 to peer 0x130048000 (15 bytes)
1736100692.673750 sending message 105 to peer 0x130048000 (78 bytes)
1736100692.673754 sending message 105 to peer 0x130048000 (14 bytes)
1736100692.673758 sending message 105 to peer 0x130048000 (19 bytes)
1736100692.673762 sending message 105 to peer 0x130048000 (37 bytes)
1736100692.673766 sending message 105 to peer 0x130048000 (44 bytes)
1736100692.673769 sending message 105 to peer 0x130048000 (38 bytes)
1736100692.673773 sending message 105 to peer 0x130048000 (30 bytes)
1736100692.673777 sending message 105 to peer 0x130048000 (25 bytes)
1736100692.673781 sending message 106 to peer 0x130048000 (0 bytes)
1736100692.673851 sending message 200 to peer 0x130048000 (4 bytes)
1736100692.673857 client loop enter
1736100692.674090 peer 0x130048000 message 303
1736100692.674099 open write file 2 -
1736100692.674110 sending message 305 to peer 0x130048000 (8 bytes)
1736100692.674121 write check file 2
1736100692.674140 peer 0x130048000 message 304
1736100692.674144 write 58 to file 2
1736100692.674149 peer 0x130048000 message 203
1736100692.674153 file 2 58 bytes left
1736100692.674166 write check file 2
1736100692.674170 client loop exit
